<?xml version="1.0" encoding="UTF-8"?>
<!-- Generated by org.testng.reporters.JUnitReportReporter -->
<testsuite hostname="DESKTOP-R3LUB47" failures="0" tests="2" name="Learning.Learning.home_Driver" time="14.786" errors="0" timestamp="13 May 2020 06:13:38 GMT">
  <testcase classname="Learning.Learning.home_Driver" name="setUp" time="0.011"/>
  <testcase classname="Learning.Learning.home_Driver" name="setUp" time="14.775"/>
</testsuite> <!-- Learning.Learning.home_Driver -->
