<?xml version="1.0" encoding="UTF-8"?>
<!-- Generated by org.testng.reporters.JUnitReportReporter -->
<testsuite hostname="DESKTOP-R3LUB47" name="Learning.Learning.HonorPhoneValidation" tests="2" failures="0" timestamp="14 May 2020 09:22:28 GMT" time="0.015" errors="0">
  <testcase name="f" time="0.012" classname="Learning.Learning.HonorPhoneValidation"/>
  <testcase name="f" time="0.003" classname="Learning.Learning.HonorPhoneValidation"/>
</testsuite> <!-- Learning.Learning.HonorPhoneValidation -->
