<?xml version="1.0" encoding="UTF-8"?>
<!-- Generated by org.testng.reporters.JUnitReportReporter -->
<testsuite hostname="DESKTOP-R3LUB47" name="Learning.Learning.home_Driver" tests="2" failures="0" timestamp="14 May 2020 09:13:27 GMT" time="19.361" errors="0">
  <testcase name="setUp" time="19.359" classname="Learning.Learning.home_Driver"/>
  <testcase name="setUp" time="0.002" classname="Learning.Learning.home_Driver"/>
</testsuite> <!-- Learning.Learning.home_Driver -->
